<?xml version="1.0" encoding="UTF-8"?>
<!-- Generated by org.testng.reporters.JUnitXMLReporter -->
<testsuite hostname="RAVIKUMARVELU" ignored="0" name="Default test" tests="4" failures="0" timestamp="20 Nov 2022 06:58:27 GMT" time="30.781" errors="0">
  <testcase name="Login" time="16.535" classname="testNGLearnings.DataFromJxlFile"/>
  <testcase name="Login" time="2.907" classname="testNGLearnings.DataFromJxlFile"/>
  <testcase name="Login" time="4.272" classname="testNGLearnings.DataFromJxlFile"/>
  <testcase name="Login" time="5.097" classname="testNGLearnings.DataFromJxlFile"/>
</testsuite> <!-- Default test -->
