<?xml version="1.0" encoding="UTF-8"?>
<testng-results skipped="0" failed="0" ignored="0" total="4" passed="4">
  <reporter-output>
  </reporter-output>
  <suite name="Default suite" duration-ms="30781" started-at="2022-11-20T06:57:56Z" finished-at="2022-11-20T06:58:27Z">
    <groups>
    </groups>
    <test name="Default test" duration-ms="30781" started-at="2022-11-20T06:57:56Z" finished-at="2022-11-20T06:58:27Z">
      <class name="testNGLearnings.DataFromJxlFile">
        <test-method status="PASS" signature="beforeTest()[pri:0, instance:testNGLearnings.DataFromJxlFile@482f8f11]" name="beforeTest" is-config="true" duration-ms="1870" started-at="2022-11-20T12:27:56Z" finished-at="2022-11-20T12:27:58Z">
          <reporter-output>
          </reporter-output>
        </test-method> <!-- beforeTest -->
        <test-method status="PASS" signature="Login(java.lang.String, java.lang.String)[pri:0, instance:testNGLearnings.DataFromJxlFile@482f8f11]" name="Login" duration-ms="16535" started-at="2022-11-20T12:27:58Z" data-provider="Login" finished-at="2022-11-20T12:28:14Z">
          <params>
            <param index="0">
              <value>
                <![CDATA[Admin1]]>
              </value>
            </param>
            <param index="1">
              <value>
                <![CDATA[admin]]>
              </value>
            </param>
          </params>
          <reporter-output>
          </reporter-output>
        </test-method> <!-- Login -->
        <test-method status="PASS" signature="Login(java.lang.String, java.lang.String)[pri:0, instance:testNGLearnings.DataFromJxlFile@482f8f11]" name="Login" duration-ms="2907" started-at="2022-11-20T12:28:14Z" data-provider="Login" finished-at="2022-11-20T12:28:17Z">
          <params>
            <param index="0">
              <value>
                <![CDATA[Admin2]]>
              </value>
            </param>
            <param index="1">
              <value>
                <![CDATA[admin1]]>
              </value>
            </param>
          </params>
          <reporter-output>
          </reporter-output>
        </test-method> <!-- Login -->
        <test-method status="PASS" signature="Login(java.lang.String, java.lang.String)[pri:0, instance:testNGLearnings.DataFromJxlFile@482f8f11]" name="Login" duration-ms="4272" started-at="2022-11-20T12:28:17Z" data-provider="Login" finished-at="2022-11-20T12:28:22Z">
          <params>
            <param index="0">
              <value>
                <![CDATA[Admin3]]>
              </value>
            </param>
            <param index="1">
              <value>
                <![CDATA[admin12]]>
              </value>
            </param>
          </params>
          <reporter-output>
          </reporter-output>
        </test-method> <!-- Login -->
        <test-method status="PASS" signature="Login(java.lang.String, java.lang.String)[pri:0, instance:testNGLearnings.DataFromJxlFile@482f8f11]" name="Login" duration-ms="5097" started-at="2022-11-20T12:28:22Z" data-provider="Login" finished-at="2022-11-20T12:28:27Z">
          <params>
            <param index="0">
              <value>
                <![CDATA[Admin]]>
              </value>
            </param>
            <param index="1">
              <value>
                <![CDATA[admin123]]>
              </value>
            </param>
          </params>
          <reporter-output>
          </reporter-output>
        </test-method> <!-- Login -->
      </class> <!-- testNGLearnings.DataFromJxlFile -->
    </test> <!-- Default test -->
  </suite> <!-- Default suite -->
</testng-results>
