<?xml version="1.0" encoding="UTF-8"?>
<!-- Generated by org.testng.reporters.JUnitXMLReporter -->
<testsuite hostname="RAVIKUMARVELU" ignored="2" name="test cases" tests="3" failures="0" timestamp="06 Nov 2022 10:27:17 GMT" time="0.029" errors="0">
  <testcase name="enfield" time="0.006" classname="testNGLearnings.GroupingExample"/>
  <testcase name="hero" time="0.001" classname="testNGLearnings.GroupingExample"/>
  <testcase name="yamaha" time="0.002" classname="testNGLearnings.GroupingExample"/>
  <testcase name="kia" time="0.0" classname="testNGLearnings.GroupingExample">
    <ignored/>
  </testcase> <!-- kia -->
  <testcase name="benz" time="0.0" classname="testNGLearnings.GroupingExample">
    <ignored/>
  </testcase> <!-- benz -->
</testsuite> <!-- test cases -->
